[0mCompiling "resources/public/js/compiled/clojurex_feedback_devcards.js" from ["src"]...[0m
[32mSuccessfully compiled "resources/public/js/compiled/clojurex_feedback_devcards.js" in 0.288 seconds.[0m
notifying browser that file changed:  resources/public/js/compiled/devcards_out/goog/deps.js
notifying browser that file changed:  resources/public/js/compiled/devcards_out/cljs_deps.js
notifying browser that file changed:  out/clojurex_feedback/core.js
[0mCompiling "resources/public/js/compiled/clojurex_feedback_devcards.js" from ["src"]...[0m
[32mSuccessfully compiled "resources/public/js/compiled/clojurex_feedback_devcards.js" in 0.328 seconds.[0m
notifying browser that file changed:  out/clojurex_feedback/core.js
[0mCompiling "resources/public/js/compiled/clojurex_feedback_devcards.js" from ["src"]...[0m
[32mSuccessfully compiled "resources/public/js/compiled/clojurex_feedback_devcards.js" in 0.274 seconds.[0m
notifying browser that file changed:  out/clojurex_feedback/core.js
[0mCompiling "resources/public/js/compiled/clojurex_feedback_devcards.js" from ["src"]...[0m
[32mSuccessfully compiled "resources/public/js/compiled/clojurex_feedback_devcards.js" in 0.296 seconds.[0m
notifying browser that file changed:  out/clojurex_feedback/core.js
[0mCompiling "resources/public/js/compiled/clojurex_feedback_devcards.js" from ["src"]...[0m
[32mSuccessfully compiled "resources/public/js/compiled/clojurex_feedback_devcards.js" in 0.262 seconds.[0m
notifying browser that file changed:  out/clojurex_feedback/core.js
[0mCompiling "resources/public/js/compiled/clojurex_feedback_devcards.js" from ["src"]...[0m
[36m----  Compiler Warning on   src/clojurex_feedback/core.cljs   line:37  column:24  ----[0m

  [1mUse of undeclared Var clojurex-feedback.core/on-change[0m

  [36m33[0m  [36m(defcard input-box[0m
  [36m34[0m  [36m  (sab/html [:input[0m
  [36m35[0m  [36m         {:auto-complete "off"[0m
  [36m36[0m  [36m          :class "autocomplete"[0m
  [33m37[0m  [1m          :on-change #(on-change %1)[0m
  [0m  [0m  [33m                       ^--- Use of undeclared Var clojurex-feedback.core/on-change[0m
  [36m38[0m  [36m          :on-key-down #(on-key-down %1)[0m
  [36m39[0m  [36m          :type "text"}]))[0m
  [36m40[0m  [36m[0m
  [36m41[0m  [36m[0m
  [36m42[0m  [36m(defn main [][0m

[36m----  Compiler Warning : Please see src/clojurex_feedback/core.cljs  ----[0m
[36m----  Compiler Warning on   src/clojurex_feedback/core.cljs   line:38  column:26  ----[0m

  [1mUse of undeclared Var clojurex-feedback.core/on-key-down[0m

  [36m34[0m  [36m  (sab/html [:input[0m
  [36m35[0m  [36m         {:auto-complete "off"[0m
  [36m36[0m  [36m          :class "autocomplete"[0m
  [36m37[0m  [36m          :on-change #(on-change %1)[0m
  [33m38[0m  [1m          :on-key-down #(on-key-down %1)[0m
  [0m  [0m  [33m                         ^--- Use of undeclared Var clojurex-feedback.core/on-key-down[0m
  [36m39[0m  [36m          :type "text"}]))[0m
  [36m40[0m  [36m[0m
  [36m41[0m  [36m[0m
  [36m42[0m  [36m(defn main [][0m
  [36m43[0m  [36m  ;; conditionally start the app based on whether the #main-app-area[0m

[36m----  Compiler Warning : Please see src/clojurex_feedback/core.cljs  ----[0m
[32mSuccessfully compiled "resources/public/js/compiled/clojurex_feedback_devcards.js" in 0.351 seconds.[0m
notifying browser that file changed:  out/clojurex_feedback/core.js
[0mCompiling "resources/public/js/compiled/clojurex_feedback_devcards.js" from ["src"]...[0m
[31mFailed to compile "resources/public/js/compiled/clojurex_feedback_devcards.js" in 0.13 seconds.[0m
[36m----  Could not Analyze  src/clojurex_feedback/core.cljs   line:1  column:1  ----[0m

  [1mOnly :as alias, :refer (names) and :rename {from to} options supported in :require; offending spec: [cljsjs/react "15.3.1-0"] at line 1 src/clojurex_feedback/core.cljs[0m

  [33m1[0m  [1m(ns clojurex-feedback.core[0m
  [0m [0m  [33m^--- Only :as alias, :refer (names) and :rename {from to} options supported in :require; offending spec: [cljsjs/react "15.3.1-0"] at line 1 src/clojurex_feedback/core.cljs[0m
  [36m2[0m  [36m  (:require[0m
  [36m3[0m  [36m   #_[om.core :as om :include-macros true][0m
  [36m4[0m  [36m   [sablono.core :as sab :include-macros true][0m

[36m----  Analysis Error : Please see src/clojurex_feedback/core.cljs  ----[0m
[0mCompiling "resources/public/js/compiled/clojurex_feedback_devcards.js" from ["src"]...[0m
[31mFailed to compile "resources/public/js/compiled/clojurex_feedback_devcards.js" in 0.128 seconds.[0m
[36m----  Could not Read  src/clojurex_feedback/core.cljs   line:1  column:1  ----[0m

  [1mEOF while reading, starting at line 1 and column 1[0m

  [33m1[0m  [1m(ns clojurex-feedback.core[0m
  [0m [0m  [33m^--- EOF while reading, starting at line 1 and column 1[0m
  [36m2[0m  [36m  (:require[0m
  [36m3[0m  [36m   #_[om.core :as om :include-macros true][0m
  [36m4[0m  [36m   [sablono.core :as sab :include-macros true][0m

[36m----  Reader Error : Please see src/clojurex_feedback/core.cljs  ----[0m
[0mCompiling "resources/public/js/compiled/clojurex_feedback_devcards.js" from ["src"]...[0m
[36m----  Compiler Warning on   src/clojurex_feedback/core.cljs   line:39  column:24  ----[0m

  [1mUse of undeclared Var clojurex-feedback.core/on-change[0m

  [36m35[0m  [36m(defcard input-box[0m
  [36m36[0m  [36m  (sab/html [:input[0m
  [36m37[0m  [36m         {:auto-complete "off"[0m
  [36m38[0m  [36m          :class "autocomplete"[0m
  [33m39[0m  [1m          :on-change #(on-change %1)[0m
  [0m  [0m  [33m                       ^--- Use of undeclared Var clojurex-feedback.core/on-change[0m
  [36m40[0m  [36m          :on-key-down #(on-key-down %1)[0m
  [36m41[0m  [36m          :type "text"}]))[0m
  [36m42[0m  [36m[0m
  [36m43[0m  [36m[0m
  [36m44[0m  [36m(defn main [][0m

[36m----  Compiler Warning : Please see src/clojurex_feedback/core.cljs  ----[0m
[36m----  Compiler Warning on   src/clojurex_feedback/core.cljs   line:40  column:26  ----[0m

  [1mUse of undeclared Var clojurex-feedback.core/on-key-down[0m

  [36m36[0m  [36m  (sab/html [:input[0m
  [36m37[0m  [36m         {:auto-complete "off"[0m
  [36m38[0m  [36m          :class "autocomplete"[0m
  [36m39[0m  [36m          :on-change #(on-change %1)[0m
  [33m40[0m  [1m          :on-key-down #(on-key-down %1)[0m
  [0m  [0m  [33m                         ^--- Use of undeclared Var clojurex-feedback.core/on-key-down[0m
  [36m41[0m  [36m          :type "text"}]))[0m
  [36m42[0m  [36m[0m
  [36m43[0m  [36m[0m
  [36m44[0m  [36m(defn main [][0m
  [36m45[0m  [36m  ;; conditionally start the app based on whether the #main-app-area[0m

[36m----  Compiler Warning : Please see src/clojurex_feedback/core.cljs  ----[0m
[32mSuccessfully compiled "resources/public/js/compiled/clojurex_feedback_devcards.js" in 0.344 seconds.[0m
notifying browser that file changed:  resources/public/js/compiled/devcards_out/cljs_deps.js
notifying browser that file changed:  out/clojurex_feedback/core.js
[0mCompiling "resources/public/js/compiled/clojurex_feedback_devcards.js" from ["src"]...[0m
[36m----  Compiler Warning on   src/clojurex_feedback/core.cljs   line:43  column:26  ----[0m

  [1mUse of undeclared Var clojurex-feedback.core/on-key-down[0m

  [36m39[0m  [36m  (sab/html [:input[0m
  [36m40[0m  [36m         {:auto-complete "off"[0m
  [36m41[0m  [36m          :class "autocomplete"[0m
  [36m42[0m  [36m          :on-change #(on-change %1)[0m
  [33m43[0m  [1m          :on-key-down #(on-key-down %1)[0m
  [0m  [0m  [33m                         ^--- Use of undeclared Var clojurex-feedback.core/on-key-down[0m
  [36m44[0m  [36m          :type "text"}]))[0m
  [36m45[0m  [36m[0m
  [36m46[0m  [36m[0m
  [36m47[0m  [36m(defn main [][0m
  [36m48[0m  [36m  ;; conditionally start the app based on whether the #main-app-area[0m

[36m----  Compiler Warning : Please see src/clojurex_feedback/core.cljs  ----[0m
[32mSuccessfully compiled "resources/public/js/compiled/clojurex_feedback_devcards.js" in 0.286 seconds.[0m
notifying browser that file changed:  out/clojurex_feedback/core.js
[0mCompiling "resources/public/js/compiled/clojurex_feedback_devcards.js" from ["src"]...[0m
[32mSuccessfully compiled "resources/public/js/compiled/clojurex_feedback_devcards.js" in 0.269 seconds.[0m
notifying browser that file changed:  out/clojurex_feedback/core.js
[0mCompiling "resources/public/js/compiled/clojurex_feedback_devcards.js" from ["src"]...[0m
[32mSuccessfully compiled "resources/public/js/compiled/clojurex_feedback_devcards.js" in 0.294 seconds.[0m
notifying browser that file changed:  out/clojurex_feedback/core.js
[0mCompiling "resources/public/js/compiled/clojurex_feedback_devcards.js" from ["src"]...[0m
[32mSuccessfully compiled "resources/public/js/compiled/clojurex_feedback_devcards.js" in 0.319 seconds.[0m
notifying browser that file changed:  resources/public/js/compiled/devcards_out/goog/deps.js
notifying browser that file changed:  resources/public/js/compiled/devcards_out/cljs_deps.js
notifying browser that file changed:  out/clojurex_feedback/core.js
[0mCompiling "resources/public/js/compiled/clojurex_feedback_devcards.js" from ["src"]...[0m
[32mSuccessfully compiled "resources/public/js/compiled/clojurex_feedback_devcards.js" in 0.337 seconds.[0m
notifying browser that file changed:  resources/public/js/compiled/devcards_out/cljs_deps.js
notifying browser that file changed:  out/clojurex_feedback/core.js
[0mCompiling "resources/public/js/compiled/clojurex_feedback_devcards.js" from ["src"]...[0m
[32mSuccessfully compiled "resources/public/js/compiled/clojurex_feedback_devcards.js" in 0.284 seconds.[0m
notifying browser that file changed:  out/clojurex_feedback/core.js
[0mCompiling "resources/public/js/compiled/clojurex_feedback_devcards.js" from ["src"]...[0m
[31mFailed to compile "resources/public/js/compiled/clojurex_feedback_devcards.js" in 0.189 seconds.[0m
[36m----  Could not Analyze  src/clojurex_feedback/core.cljs  ----[0m

  [1mNo such namespace: om.dom, could not locate om/dom.cljs, om/dom.cljc, or Closure namespace "om.dom" [0m

[36m----  Analysis Error : Please see src/clojurex_feedback/core.cljs  ----[0m
[0mCompiling "resources/public/js/compiled/clojurex_feedback_devcards.js" from ["src"]...[0m
[32mSuccessfully compiled "resources/public/js/compiled/clojurex_feedback_devcards.js" in 0.393 seconds.[0m
notifying browser that file changed:  resources/public/js/compiled/devcards_out/goog/deps.js
notifying browser that file changed:  resources/public/js/compiled/devcards_out/cljs_deps.js
notifying browser that file changed:  out/clojurex_feedback/core.js
[0mCompiling "resources/public/js/compiled/clojurex_feedback_devcards.js" from ["src"]...[0m
[32mSuccessfully compiled "resources/public/js/compiled/clojurex_feedback_devcards.js" in 0.366 seconds.[0m
notifying browser that file changed:  out/clojurex_feedback/core.js
[0mCompiling "resources/public/js/compiled/clojurex_feedback_devcards.js" from ["src"]...[0m
[32mSuccessfully compiled "resources/public/js/compiled/clojurex_feedback_devcards.js" in 0.377 seconds.[0m
notifying browser that file changed:  out/clojurex_feedback/core.js
[0mCompiling "resources/public/js/compiled/clojurex_feedback_devcards.js" from ["src"]...[0m
[32mSuccessfully compiled "resources/public/js/compiled/clojurex_feedback_devcards.js" in 0.347 seconds.[0m
notifying browser that file changed:  out/clojurex_feedback/core.js
[0mCompiling "resources/public/js/compiled/clojurex_feedback_devcards.js" from ["src"]...[0m
[32mSuccessfully compiled "resources/public/js/compiled/clojurex_feedback_devcards.js" in 0.36 seconds.[0m
notifying browser that file changed:  out/clojurex_feedback/core.js
[0mCompiling "resources/public/js/compiled/clojurex_feedback_devcards.js" from ["src"]...[0m
[32mSuccessfully compiled "resources/public/js/compiled/clojurex_feedback_devcards.js" in 0.35 seconds.[0m
notifying browser that file changed:  out/clojurex_feedback/core.js
[0mCompiling "resources/public/js/compiled/clojurex_feedback_devcards.js" from ["src"]...[0m
[32mSuccessfully compiled "resources/public/js/compiled/clojurex_feedback_devcards.js" in 0.368 seconds.[0m
notifying browser that file changed:  out/clojurex_feedback/core.js
[0mCompiling "resources/public/js/compiled/clojurex_feedback_devcards.js" from ["src"]...[0m
[32mSuccessfully compiled "resources/public/js/compiled/clojurex_feedback_devcards.js" in 0.341 seconds.[0m
notifying browser that file changed:  out/clojurex_feedback/core.js
[0mCompiling "resources/public/js/compiled/clojurex_feedback_devcards.js" from ["src"]...[0m
[32mSuccessfully compiled "resources/public/js/compiled/clojurex_feedback_devcards.js" in 0.354 seconds.[0m
notifying browser that file changed:  out/clojurex_feedback/core.js
[0mCompiling "resources/public/js/compiled/clojurex_feedback_devcards.js" from ["src"]...[0m
[32mSuccessfully compiled "resources/public/js/compiled/clojurex_feedback_devcards.js" in 0.337 seconds.[0m
notifying browser that file changed:  out/clojurex_feedback/core.js
[0mCompiling "resources/public/js/compiled/clojurex_feedback_devcards.js" from ["src"]...[0m
[32mSuccessfully compiled "resources/public/js/compiled/clojurex_feedback_devcards.js" in 0.356 seconds.[0m
notifying browser that file changed:  out/clojurex_feedback/core.js
[0mCompiling "resources/public/js/compiled/clojurex_feedback_devcards.js" from ["src"]...[0m
[32mSuccessfully compiled "resources/public/js/compiled/clojurex_feedback_devcards.js" in 0.334 seconds.[0m
notifying browser that file changed:  out/clojurex_feedback/core.js
[0mCompiling "resources/public/js/compiled/clojurex_feedback_devcards.js" from ["src"]...[0m
[32mSuccessfully compiled "resources/public/js/compiled/clojurex_feedback_devcards.js" in 0.356 seconds.[0m
notifying browser that file changed:  out/clojurex_feedback/core.js
[0mCompiling "resources/public/js/compiled/clojurex_feedback_devcards.js" from ["src"]...[0m
[32mSuccessfully compiled "resources/public/js/compiled/clojurex_feedback_devcards.js" in 0.339 seconds.[0m
notifying browser that file changed:  out/clojurex_feedback/core.js
[0mCompiling "resources/public/js/compiled/clojurex_feedback_devcards.js" from ["src"]...[0m
[32mSuccessfully compiled "resources/public/js/compiled/clojurex_feedback_devcards.js" in 0.353 seconds.[0m
notifying browser that file changed:  out/clojurex_feedback/core.js
[0mCompiling "resources/public/js/compiled/clojurex_feedback_devcards.js" from ["src"]...[0m
[36m----  Compiler Warning on   src/clojurex_feedback/core.cljs   line:45  column:2  ----[0m

  [1mUse of undeclared Var clojurex-feedback.core/interactive-card[0m

  [36m41[0m  [36m  {:inspect-data true}              ; shows the current value of data, ie. state-atom[0m
  [36m42[0m  [36m  )[0m
  [36m43[0m  [36m[0m
  [36m44[0m  [36m[0m
  [33m45[0m  [1m(interactive-card {:awesome 10 :good 10 :sleepy 10})[0m
  [0m  [0m  [33m ^--- Use of undeclared Var clojurex-feedback.core/interactive-card[0m
  [36m46[0m  [36m[0m
  [36m47[0m  [36m(defcard feedback[0m
  [36m48[0m  [36m  (sab/html [:div[0m
  [36m49[0m  [36m             [:h1 "Please give your feedback for this session"][0m
  [36m50[0m  [36m             [:button "Awesome"][0m

[36m----  Compiler Warning : Please see src/clojurex_feedback/core.cljs  ----[0m
[32mSuccessfully compiled "resources/public/js/compiled/clojurex_feedback_devcards.js" in 0.408 seconds.[0m
notifying browser that file changed:  out/clojurex_feedback/core.js
[0mCompiling "resources/public/js/compiled/clojurex_feedback_devcards.js" from ["src"]...[0m
[36m----  Compiler Warning on   src/clojurex_feedback/core.cljs   line:45  column:2  ----[0m

  [1mUse of undeclared Var clojurex-feedback.core/interactive-card[0m

  [36m41[0m  [36m  {:inspect-data true}              ; shows the current value of data, ie. state-atom[0m
  [36m42[0m  [36m  )[0m
  [36m43[0m  [36m[0m
  [36m44[0m  [36m[0m
  [33m45[0m  [1m(interactive-card {:awesome 10 :good 10 :sleepy 10} nil)[0m
  [0m  [0m  [33m ^--- Use of undeclared Var clojurex-feedback.core/interactive-card[0m
  [36m46[0m  [36m[0m
  [36m47[0m  [36m(defcard feedback[0m
  [36m48[0m  [36m  (sab/html [:div[0m
  [36m49[0m  [36m             [:h1 "Please give your feedback for this session"][0m
  [36m50[0m  [36m             [:button "Awesome"][0m

[36m----  Compiler Warning : Please see src/clojurex_feedback/core.cljs  ----[0m
[32mSuccessfully compiled "resources/public/js/compiled/clojurex_feedback_devcards.js" in 0.397 seconds.[0m
notifying browser that file changed:  out/clojurex_feedback/core.js
[0mCompiling "resources/public/js/compiled/clojurex_feedback_devcards.js" from ["src"]...[0m
[32mSuccessfully compiled "resources/public/js/compiled/clojurex_feedback_devcards.js" in 0.336 seconds.[0m
notifying browser that file changed:  out/clojurex_feedback/core.js
[0mCompiling "resources/public/js/compiled/clojurex_feedback_devcards.js" from ["src"]...[0m
[31mFailed to compile "resources/public/js/compiled/clojurex_feedback_devcards.js" in 0.276 seconds.[0m
[36m----  Could not Analyze  src/clojurex_feedback/core.cljs  ----[0m

  [1mNo such namespace: cljsjs.bootstrap, could not locate cljsjs/bootstrap.cljs, cljsjs/bootstrap.cljc, or Closure namespace "cljsjs.bootstrap" [0m

[36m----  Analysis Error : Please see src/clojurex_feedback/core.cljs  ----[0m
[0mCompiling "resources/public/js/compiled/clojurex_feedback_devcards.js" from ["src"]...[0m
[31mFailed to compile "resources/public/js/compiled/clojurex_feedback_devcards.js" in 0.261 seconds.[0m
[36m----  Could not Analyze  src/clojurex_feedback/core.cljs  ----[0m

  [1mNo such namespace: cljsjs.bootstrap, could not locate cljsjs/bootstrap.cljs, cljsjs/bootstrap.cljc, or Closure namespace "cljsjs.bootstrap" [0m

[36m----  Analysis Error : Please see src/clojurex_feedback/core.cljs  ----[0m
[0mCompiling "resources/public/js/compiled/clojurex_feedback_devcards.js" from ["src"]...[0m
[31mFailed to compile "resources/public/js/compiled/clojurex_feedback_devcards.js" in 0.279 seconds.[0m
[36m----  Could not Analyze  src/clojurex_feedback/core.cljs  ----[0m

  [1mNo such namespace: cljsjs.bootstrap, could not locate cljsjs/bootstrap.cljs, cljsjs/bootstrap.cljc, or Closure namespace "cljsjs.bootstrap" [0m

[36m----  Analysis Error : Please see src/clojurex_feedback/core.cljs  ----[0m
[0mCompiling "resources/public/js/compiled/clojurex_feedback_devcards.js" from ["src"]...[0m
[32mSuccessfully compiled "resources/public/js/compiled/clojurex_feedback_devcards.js" in 0.432 seconds.[0m
notifying browser that file changed:  resources/public/js/compiled/devcards_out/goog/deps.js
notifying browser that file changed:  resources/public/js/compiled/devcards_out/cljs_deps.js
notifying browser that file changed:  out/clojurex_feedback/core.js
[0mCompiling "resources/public/js/compiled/clojurex_feedback_devcards.js" from ["src"]...[0m
[32mSuccessfully compiled "resources/public/js/compiled/clojurex_feedback_devcards.js" in 0.406 seconds.[0m
notifying browser that file changed:  out/clojurex_feedback/core.js
[0mCompiling "resources/public/js/compiled/clojurex_feedback_devcards.js" from ["src"]...[0m
[32mSuccessfully compiled "resources/public/js/compiled/clojurex_feedback_devcards.js" in 0.388 seconds.[0m
notifying browser that file changed:  out/clojurex_feedback/core.js
[0mCompiling "resources/public/js/compiled/clojurex_feedback_devcards.js" from ["src"]...[0m
[32mSuccessfully compiled "resources/public/js/compiled/clojurex_feedback_devcards.js" in 0.364 seconds.[0m
notifying browser that file changed:  out/clojurex_feedback/core.js
[0mCompiling "resources/public/js/compiled/clojurex_feedback_devcards.js" from ["src"]...[0m
[32mSuccessfully compiled "resources/public/js/compiled/clojurex_feedback_devcards.js" in 0.386 seconds.[0m
notifying browser that file changed:  out/clojurex_feedback/core.js
[0mCompiling "resources/public/js/compiled/clojurex_feedback_devcards.js" from ["src"]...[0m
[36m----  Compiler Warning on   src/clojurex_feedback/core.cljs   line:34  column:15  ----[0m

  [1mUse of undeclared Var om.dom/textbox[0m

  [36m31[0m  [36m(defcard talk-slides[0m
  [36m32[0m  [36m  (fn [state-atom owner]                    ;wrapper function that can accept a state atom[0m
  [36m33[0m  [36m    (dom/div nil "A single top-level element."[0m
  [33m34[0m  [1m             (dom/textbox "I hope this works")[0m
  [0m  [0m  [33m              ^--- Use of undeclared Var om.dom/textbox[0m
  [36m35[0m  [36m             (dom/br nil)[0m
  [36m36[0m  [36m             (dom/button #js {:onClick #(swap! state-atom update-in [:sleepy] inc)} "Sleep")[0m
  [36m37[0m  [36m             )))[0m
  [36m38[0m  [36m[0m
  [36m39[0m  [36m(defcard interactive-card[0m

[36m----  Compiler Warning : Please see src/clojurex_feedback/core.cljs  ----[0m
[32mSuccessfully compiled "resources/public/js/compiled/clojurex_feedback_devcards.js" in 0.461 seconds.[0m
notifying browser that file changed:  out/clojurex_feedback/core.js
[0mCompiling "resources/public/js/compiled/clojurex_feedback_devcards.js" from ["src"]...[0m
[36m----  Compiler Warning on   src/clojurex_feedback/core.cljs   line:34  column:15  ----[0m

  [1mUse of undeclared Var om.dom/textbox[0m

  [36m31[0m  [36m(defcard talk-slides[0m
  [36m32[0m  [36m  (fn [state-atom owner]                    ;wrapper function that can accept a state atom[0m
  [36m33[0m  [36m    (dom/div nil "A single top-level element."[0m
  [33m34[0m  [1m             (dom/textbox nil "I hope this works")[0m
  [0m  [0m  [33m              ^--- Use of undeclared Var om.dom/textbox[0m
  [36m35[0m  [36m             (dom/br nil)[0m
  [36m36[0m  [36m             (dom/button #js {:onClick #(swap! state-atom update-in [:sleepy] inc)} "Sleep")[0m
  [36m37[0m  [36m             )))[0m
  [36m38[0m  [36m[0m
  [36m39[0m  [36m(defcard interactive-card[0m

[36m----  Compiler Warning : Please see src/clojurex_feedback/core.cljs  ----[0m
[32mSuccessfully compiled "resources/public/js/compiled/clojurex_feedback_devcards.js" in 0.453 seconds.[0m
notifying browser that file changed:  out/clojurex_feedback/core.js
[0mCompiling "resources/public/js/compiled/clojurex_feedback_devcards.js" from ["src"]...[0m
[36m----  Compiler Warning on   src/clojurex_feedback/core.cljs   line:34  column:15  ----[0m

  [1mUse of undeclared Var om.dom/textbox[0m

  [36m31[0m  [36m(defcard talk-slides[0m
  [36m32[0m  [36m  (fn [state-atom owner]                    ;wrapper function that can accept a state atom[0m
  [36m33[0m  [36m    (dom/div nil "A single top-level element."[0m
  [33m34[0m  [1m             (dom/textbox "I hope this works")[0m
  [0m  [0m  [33m              ^--- Use of undeclared Var om.dom/textbox[0m
  [36m35[0m  [36m             (dom/br nil)[0m
  [36m36[0m  [36m             (dom/button #js {:onClick #(swap! state-atom update-in [:sleepy] inc)} "Sleep")[0m
  [36m37[0m  [36m             )))[0m
  [36m38[0m  [36m[0m
  [36m39[0m  [36m(defcard interactive-card[0m

[36m----  Compiler Warning : Please see src/clojurex_feedback/core.cljs  ----[0m
[32mSuccessfully compiled "resources/public/js/compiled/clojurex_feedback_devcards.js" in 0.42 seconds.[0m
notifying browser that file changed:  resources/public/js/compiled/devcards_out/cljs_deps.js
notifying browser that file changed:  out/clojurex_feedback/core.js
[0mCompiling "resources/public/js/compiled/clojurex_feedback_devcards.js" from ["src"]...[0m
[31mFailed to compile "resources/public/js/compiled/clojurex_feedback_devcards.js" in 0.299 seconds.[0m
[36m----  Could not Read  src/clojurex_feedback/core.cljs   line:31  column:1  ----[0m

  [1mEOF while reading, starting at line 31 and column 1[0m

  [36m29[0m  [36m             [:p (get (first talks) :abstract)]]))[0m
  [36m30[0m  [36m[0m
  [33m31[0m  [1m(defcard talk-slides[0m
  [0m  [0m  [33m^--- EOF while reading, starting at line 31 and column 1[0m
  [36m32[0m  [36m  (fn [state-atom owner]                    ;wrapper function that can accept a state atom[0m
  [36m33[0m  [36m    (dom/div nil "A single top-level element."[0m
  [36m34[0m  [36m             #_(dom/textbox "I hope this works")[0m

[36m----  Reader Error : Please see src/clojurex_feedback/core.cljs  ----[0m
[0mCompiling "resources/public/js/compiled/clojurex_feedback_devcards.js" from ["src"]...[0m
[31mFailed to compile "resources/public/js/compiled/clojurex_feedback_devcards.js" in 0.284 seconds.[0m
[36m----  Could not Read  src/clojurex_feedback/core.cljs   line:31  column:1  ----[0m

  [1mEOF while reading, starting at line 31 and column 1[0m

  [36m29[0m  [36m             [:p (get (first talks) :abstract)]]))[0m
  [36m30[0m  [36m[0m
  [33m31[0m  [1m(defcard talk-slides[0m
  [0m  [0m  [33m^--- EOF while reading, starting at line 31 and column 1[0m
  [36m32[0m  [36m  (fn [state-atom owner]                    ;wrapper function that can accept a state atom[0m
  [36m33[0m  [36m    (dom/div nil "A single top-level element."[0m
  [36m34[0m  [36m             (dom/span nil (str "I hope this works")[0m

[36m----  Reader Error : Please see src/clojurex_feedback/core.cljs  ----[0m
[0mCompiling "resources/public/js/compiled/clojurex_feedback_devcards.js" from ["src"]...[0m
[32mSuccessfully compiled "resources/public/js/compiled/clojurex_feedback_devcards.js" in 0.374 seconds.[0m
notifying browser that file changed:  resources/public/js/compiled/devcards_out/cljs_deps.js
notifying browser that file changed:  out/clojurex_feedback/core.js
[0mCompiling "resources/public/js/compiled/clojurex_feedback_devcards.js" from ["src"]...[0m
[32mSuccessfully compiled "resources/public/js/compiled/clojurex_feedback_devcards.js" in 0.353 seconds.[0m
notifying browser that file changed:  out/clojurex_feedback/core.js
[0mCompiling "resources/public/js/compiled/clojurex_feedback_devcards.js" from ["src"]...[0m
[36m----  Compiler Warning on   src/clojurex_feedback/core.cljs   line:40  column:3  ----[0m

  [1mWrong number of args (1) passed to cljs.core/get[0m

  [36m36[0m  [36m             (dom/span nil (get @state-atom :title))[0m
  [36m37[0m  [36m             (dom/br nil)[0m
  [36m38[0m  [36m             (dom/button #js {:onClick #(swap! state-atom update-in [:sleepy] inc)} "Sleep")[0m
  [36m39[0m  [36m             ))[0m
  [33m40[0m  [1m  (get (first talks)))[0m
  [0m  [0m  [33m  ^--- Wrong number of args (1) passed to cljs.core/get[0m
  [36m41[0m  [36m[0m
  [36m42[0m  [36m(defcard interactive-card[0m
  [36m43[0m  [36m  (fn [state-atom owner]                    ;wrapper function that can accept a state atom[0m
  [36m44[0m  [36m    (dom/div nil "A single top-level element."[0m
  [36m45[0m  [36m             (dom/br nil)[0m

[36m----  Compiler Warning : Please see src/clojurex_feedback/core.cljs  ----[0m
[32mSuccessfully compiled "resources/public/js/compiled/clojurex_feedback_devcards.js" in 0.414 seconds.[0m
notifying browser that file changed:  out/clojurex_feedback/core.js
[0mCompiling "resources/public/js/compiled/clojurex_feedback_devcards.js" from ["src"]...[0m
[32mSuccessfully compiled "resources/public/js/compiled/clojurex_feedback_devcards.js" in 0.365 seconds.[0m
notifying browser that file changed:  out/clojurex_feedback/core.js
[0mCompiling "resources/public/js/compiled/clojurex_feedback_devcards.js" from ["src"]...[0m
[32mSuccessfully compiled "resources/public/js/compiled/clojurex_feedback_devcards.js" in 0.398 seconds.[0m
notifying browser that file changed:  out/clojurex_feedback/core.js
[0mCompiling "resources/public/js/compiled/clojurex_feedback_devcards.js" from ["src"]...[0m
[32mSuccessfully compiled "resources/public/js/compiled/clojurex_feedback_devcards.js" in 0.355 seconds.[0m
notifying browser that file changed:  out/clojurex_feedback/core.js
[0mCompiling "resources/public/js/compiled/clojurex_feedback_devcards.js" from ["src"]...[0m
[32mSuccessfully compiled "resources/public/js/compiled/clojurex_feedback_devcards.js" in 0.372 seconds.[0m
notifying browser that file changed:  out/clojurex_feedback/core.js
[0mCompiling "resources/public/js/compiled/clojurex_feedback_devcards.js" from ["src"]...[0m
[32mSuccessfully compiled "resources/public/js/compiled/clojurex_feedback_devcards.js" in 0.351 seconds.[0m
notifying browser that file changed:  out/clojurex_feedback/core.js
[0mCompiling "resources/public/js/compiled/clojurex_feedback_devcards.js" from ["src"]...[0m
[32mSuccessfully compiled "resources/public/js/compiled/clojurex_feedback_devcards.js" in 0.372 seconds.[0m
notifying browser that file changed:  out/clojurex_feedback/core.js
[0mCompiling "resources/public/js/compiled/clojurex_feedback_devcards.js" from ["src"]...[0m
[32mSuccessfully compiled "resources/public/js/compiled/clojurex_feedback_devcards.js" in 0.383 seconds.[0m
notifying browser that file changed:  resources/public/js/compiled/devcards_out/cljs_deps.js
notifying browser that file changed:  out/clojurex_feedback/core.js
[0mCompiling "resources/public/js/compiled/clojurex_feedback_devcards.js" from ["src"]...[0m
[32mSuccessfully compiled "resources/public/js/compiled/clojurex_feedback_devcards.js" in 0.354 seconds.[0m
notifying browser that file changed:  resources/public/js/compiled/devcards_out/cljs_deps.js
notifying browser that file changed:  out/clojurex_feedback/core.js
[0mCompiling "resources/public/js/compiled/clojurex_feedback_devcards.js" from ["src"]...[0m
[32mSuccessfully compiled "resources/public/js/compiled/clojurex_feedback_devcards.js" in 0.373 seconds.[0m
notifying browser that file changed:  out/clojurex_feedback/core.js
[0mCompiling "resources/public/js/compiled/clojurex_feedback_devcards.js" from ["src"]...[0m
[32mSuccessfully compiled "resources/public/js/compiled/clojurex_feedback_devcards.js" in 0.368 seconds.[0m
notifying browser that file changed:  out/clojurex_feedback/core.js
[0mCompiling "resources/public/js/compiled/clojurex_feedback_devcards.js" from ["src"]...[0m
[32mSuccessfully compiled "resources/public/js/compiled/clojurex_feedback_devcards.js" in 0.36 seconds.[0m
notifying browser that file changed:  out/clojurex_feedback/core.js
[0mCompiling "resources/public/js/compiled/clojurex_feedback_devcards.js" from ["src"]...[0m
[32mSuccessfully compiled "resources/public/js/compiled/clojurex_feedback_devcards.js" in 0.37 seconds.[0m
notifying browser that file changed:  out/clojurex_feedback/core.js
[0mCompiling "resources/public/js/compiled/clojurex_feedback_devcards.js" from ["src"]...[0m
[32mSuccessfully compiled "resources/public/js/compiled/clojurex_feedback_devcards.js" in 0.499 seconds.[0m
notifying browser that file changed:  out/clojurex_feedback/core.js
[0mCompiling "resources/public/js/compiled/clojurex_feedback_devcards.js" from ["src"]...[0m
[32mSuccessfully compiled "resources/public/js/compiled/clojurex_feedback_devcards.js" in 0.415 seconds.[0m
notifying browser that file changed:  out/clojurex_feedback/core.js
[0mCompiling "resources/public/js/compiled/clojurex_feedback_devcards.js" from ["src"]...[0m
[31mFailed to compile "resources/public/js/compiled/clojurex_feedback_devcards.js" in 0.365 seconds.[0m
[36m----  Could not Analyze  src/clojurex_feedback/core.cljs   line:36  column:1  ----[0m

  [1mToo many arguments to def at line 36 /home/jr0cket/projects/hackthetower-projects/clojurex-feedback/src/clojurex_feedback/core.cljs[0m

  [36m34[0m  [36m(def sesssion-number (atom 0))[0m
  [36m35[0m  [36m[0m
  [33m36[0m  [1m(def current-talk (nth talks) session-number)[0m
  [0m  [0m  [33m^--- Too many arguments to def at line 36 /home/jr0cket/projects/hackthetower-projects/clojurex-feedback/src/clojurex_feedback/core.cljs[0m
  [36m37[0m  [36m[0m
  [36m38[0m  [36m[0m
  [36m39[0m  [36m(defcard current-talk[0m

[36m----  Analysis Error : Please see src/clojurex_feedback/core.cljs  ----[0m
[0mCompiling "resources/public/js/compiled/clojurex_feedback_devcards.js" from ["src"]...[0m
[32mSuccessfully compiled "resources/public/js/compiled/clojurex_feedback_devcards.js" in 0.425 seconds.[0m
notifying browser that file changed:  out/clojurex_feedback/core.js
[0mCompiling "resources/public/js/compiled/clojurex_feedback_devcards.js" from ["src"]...[0m
[32mSuccessfully compiled "resources/public/js/compiled/clojurex_feedback_devcards.js" in 0.562 seconds.[0m
notifying browser that file changed:  out/clojurex_feedback/core.js
[0mCompiling "resources/public/js/compiled/clojurex_feedback_devcards.js" from ["src"]...[0m
[32mSuccessfully compiled "resources/public/js/compiled/clojurex_feedback_devcards.js" in 0.444 seconds.[0m
notifying browser that file changed:  out/clojurex_feedback/core.js
[0mCompiling "resources/public/js/compiled/clojurex_feedback_devcards.js" from ["src"]...[0m
[32mSuccessfully compiled "resources/public/js/compiled/clojurex_feedback_devcards.js" in 0.37 seconds.[0m
notifying browser that file changed:  out/clojurex_feedback/core.js
[0mCompiling "resources/public/js/compiled/clojurex_feedback_devcards.js" from ["src"]...[0m
[32mSuccessfully compiled "resources/public/js/compiled/clojurex_feedback_devcards.js" in 0.369 seconds.[0m
notifying browser that file changed:  out/clojurex_feedback/core.js
[0mCompiling "resources/public/js/compiled/clojurex_feedback_devcards.js" from ["src"]...[0m
[32mSuccessfully compiled "resources/public/js/compiled/clojurex_feedback_devcards.js" in 0.357 seconds.[0m
notifying browser that file changed:  out/clojurex_feedback/core.js
[0mCompiling "resources/public/js/compiled/clojurex_feedback_devcards.js" from ["src"]...[0m
[32mSuccessfully compiled "resources/public/js/compiled/clojurex_feedback_devcards.js" in 0.375 seconds.[0m
notifying browser that file changed:  out/clojurex_feedback/core.js
[0mCompiling "resources/public/js/compiled/clojurex_feedback_devcards.js" from ["src"]...[0m
[32mSuccessfully compiled "resources/public/js/compiled/clojurex_feedback_devcards.js" in 0.365 seconds.[0m
notifying browser that file changed:  out/clojurex_feedback/core.js
[0mCompiling "resources/public/js/compiled/clojurex_feedback_devcards.js" from ["src"]...[0m
[32mSuccessfully compiled "resources/public/js/compiled/clojurex_feedback_devcards.js" in 0.371 seconds.[0m
notifying browser that file changed:  out/clojurex_feedback/core.js
[0mCompiling "resources/public/js/compiled/clojurex_feedback_devcards.js" from ["src"]...[0m
[32mSuccessfully compiled "resources/public/js/compiled/clojurex_feedback_devcards.js" in 0.364 seconds.[0m
notifying browser that file changed:  out/clojurex_feedback/core.js
[0mCompiling "resources/public/js/compiled/clojurex_feedback_devcards.js" from ["src"]...[0m
[32mSuccessfully compiled "resources/public/js/compiled/clojurex_feedback_devcards.js" in 0.366 seconds.[0m
notifying browser that file changed:  out/clojurex_feedback/core.js
[0mCompiling "resources/public/js/compiled/clojurex_feedback_devcards.js" from ["src"]...[0m
[32mSuccessfully compiled "resources/public/js/compiled/clojurex_feedback_devcards.js" in 0.411 seconds.[0m
notifying browser that file changed:  out/clojurex_feedback/core.js
[0mCompiling "resources/public/js/compiled/clojurex_feedback_devcards.js" from ["src"]...[0m
[32mSuccessfully compiled "resources/public/js/compiled/clojurex_feedback_devcards.js" in 0.403 seconds.[0m
notifying browser that file changed:  out/clojurex_feedback/core.js
[0mCompiling "resources/public/js/compiled/clojurex_feedback_devcards.js" from ["src"]...[0m
[32mSuccessfully compiled "resources/public/js/compiled/clojurex_feedback_devcards.js" in 0.403 seconds.[0m
notifying browser that file changed:  out/clojurex_feedback/core.js
[0mCompiling "resources/public/js/compiled/clojurex_feedback_devcards.js" from ["src"]...[0m
[32mSuccessfully compiled "resources/public/js/compiled/clojurex_feedback_devcards.js" in 0.398 seconds.[0m
notifying browser that file changed:  out/clojurex_feedback/core.js
[0mCompiling "resources/public/js/compiled/clojurex_feedback_devcards.js" from ["src"]...[0m
[32mSuccessfully compiled "resources/public/js/compiled/clojurex_feedback_devcards.js" in 0.41 seconds.[0m
notifying browser that file changed:  out/clojurex_feedback/core.js
[0mCompiling "resources/public/js/compiled/clojurex_feedback_devcards.js" from ["src"]...[0m
[32mSuccessfully compiled "resources/public/js/compiled/clojurex_feedback_devcards.js" in 0.403 seconds.[0m
notifying browser that file changed:  out/clojurex_feedback/core.js
[0mCompiling "resources/public/js/compiled/clojurex_feedback_devcards.js" from ["src"]...[0m
[32mSuccessfully compiled "resources/public/js/compiled/clojurex_feedback_devcards.js" in 0.398 seconds.[0m
notifying browser that file changed:  out/clojurex_feedback/core.js
[0mCompiling "resources/public/js/compiled/clojurex_feedback_devcards.js" from ["src"]...[0m
[32mSuccessfully compiled "resources/public/js/compiled/clojurex_feedback_devcards.js" in 0.445 seconds.[0m
notifying browser that file changed:  resources/public/js/compiled/devcards_out/cljs_deps.js
notifying browser that file changed:  out/clojurex_feedback/core.js
[0mCompiling "resources/public/js/compiled/clojurex_feedback_devcards.js" from ["src"]...[0m
[32mSuccessfully compiled "resources/public/js/compiled/clojurex_feedback_devcards.js" in 0.498 seconds.[0m
notifying browser that file changed:  resources/public/js/compiled/devcards_out/cljs_deps.js
notifying browser that file changed:  out/clojurex_feedback/core.js
[0mCompiling "resources/public/js/compiled/clojurex_feedback_devcards.js" from ["src"]...[0m
[32mSuccessfully compiled "resources/public/js/compiled/clojurex_feedback_devcards.js" in 0.505 seconds.[0m
notifying browser that file changed:  out/clojurex_feedback/core.js
[0mCompiling "resources/public/js/compiled/clojurex_feedback_devcards.js" from ["src"]...[0m
[32mSuccessfully compiled "resources/public/js/compiled/clojurex_feedback_devcards.js" in 0.499 seconds.[0m
notifying browser that file changed:  out/clojurex_feedback/core.js
[0mCompiling "resources/public/js/compiled/clojurex_feedback_devcards.js" from ["src"]...[0m
[32mSuccessfully compiled "resources/public/js/compiled/clojurex_feedback_devcards.js" in 0.491 seconds.[0m
notifying browser that file changed:  out/clojurex_feedback/core.js
[0mCompiling "resources/public/js/compiled/clojurex_feedback_devcards.js" from ["src"]...[0m
[36m----  Compiler Warning on   src/clojurex_feedback/core.cljs   line:99  column:50  ----[0m

  [1mUse of undeclared Var clojurex-feedback.core/boolHandler[0m

  [36m 95[0m  [36mObject[0m
  [36m 96[0m  [36m(render [this][0m
  [36m 97[0m  [36m        (let [session-number (om/props this)][0m
  [36m 98[0m  [36m          (dom/div nil[0m
  [33m 99[0m  [1m                   (dom/button #js {:onClick #(boolHandler)} "Toggle Luck")[0m
  [0m   [0m  [33m                                               ^--- Use of undeclared Var clojurex-feedback.core/boolHandler[0m
  [36m100[0m  [36m                   (dom/span nil[0m
  [36m101[0m  [36m                             (str "Session is clojure "[0m
  [36m102[0m  [36m                                  (if (= session-number 0) "" ", unless its scala")))))))[0m

[36m----  Compiler Warning : Please see src/clojurex_feedback/core.cljs  ----[0m
[32mSuccessfully compiled "resources/public/js/compiled/clojurex_feedback_devcards.js" in 0.529 seconds.[0m
notifying browser that file changed:  out/clojurex_feedback/core.js
[0mCompiling "resources/public/js/compiled/clojurex_feedback_devcards.js" from ["src"]...[0m
[32mSuccessfully compiled "resources/public/js/compiled/clojurex_feedback_devcards.js" in 0.495 seconds.[0m
notifying browser that file changed:  out/clojurex_feedback/core.js
[0mCompiling "resources/public/js/compiled/clojurex_feedback_devcards.js" from ["src"]...[0m
[32mSuccessfully compiled "resources/public/js/compiled/clojurex_feedback_devcards.js" in 0.487 seconds.[0m
notifying browser that file changed:  out/clojurex_feedback/core.js
[0mCompiling "resources/public/js/compiled/clojurex_feedback_devcards.js" from ["src"]...[0m
[32mSuccessfully compiled "resources/public/js/compiled/clojurex_feedback_devcards.js" in 0.615 seconds.[0m
notifying browser that file changed:  resources/public/js/compiled/devcards_out/goog/deps.js
notifying browser that file changed:  resources/public/js/compiled/devcards_out/cljs_deps.js
notifying browser that file changed:  out/clojurex_feedback/core.js
[0mCompiling "resources/public/js/compiled/clojurex_feedback_devcards.js" from ["src"]...[0m
[32mSuccessfully compiled "resources/public/js/compiled/clojurex_feedback_devcards.js" in 0.536 seconds.[0m
notifying browser that file changed:  out/clojurex_feedback/core.js
[0mCompiling "resources/public/js/compiled/clojurex_feedback_devcards.js" from ["src"]...[0m
[32mSuccessfully compiled "resources/public/js/compiled/clojurex_feedback_devcards.js" in 0.503 seconds.[0m
notifying browser that file changed:  out/clojurex_feedback/core.js
[0mCompiling "resources/public/js/compiled/clojurex_feedback_devcards.js" from ["src"]...[0m
[32mSuccessfully compiled "resources/public/js/compiled/clojurex_feedback_devcards.js" in 0.489 seconds.[0m
notifying browser that file changed:  out/clojurex_feedback/core.js
[0mCompiling "resources/public/js/compiled/clojurex_feedback_devcards.js" from ["src"]...[0m
[32mSuccessfully compiled "resources/public/js/compiled/clojurex_feedback_devcards.js" in 0.501 seconds.[0m
notifying browser that file changed:  out/clojurex_feedback/core.js
[0mCompiling "resources/public/js/compiled/clojurex_feedback_devcards.js" from ["src"]...[0m
[31mFailed to compile "resources/public/js/compiled/clojurex_feedback_devcards.js" in 0.272 seconds.[0m
[36m----  Could not Read  src/clojurex_feedback/core.cljs   line:66  column:9  ----[0m

  [1mMap literal must contain an even number of forms[0m

  [36m64[0m  [36m    ; The initial state as a map which devcards creates an atom from[0m
  [36m65[0m  [36m  (nth talks @session-number)[0m
  [33m66[0m  [1m  {:ins}              ; shows the current value of data, ie. state-atom[0m
  [0m  [0m  [33m        ^--- Map literal must contain an even number of forms[0m
  [36m67[0m  [36m  )[0m
  [36m68[0m  [36m[0m
  [36m69[0m  [36m;; rough code[0m

[36m----  Reader Error : Please see src/clojurex_feedback/core.cljs  ----[0m
[0mCompiling "resources/public/js/compiled/clojurex_feedback_devcards.js" from ["src"]...[0m
[32mSuccessfully compiled "resources/public/js/compiled/clojurex_feedback_devcards.js" in 0.492 seconds.[0m
notifying browser that file changed:  out/clojurex_feedback/core.js
[0mCompiling "resources/public/js/compiled/clojurex_feedback_devcards.js" from ["src"]...[0m
[32mSuccessfully compiled "resources/public/js/compiled/clojurex_feedback_devcards.js" in 0.493 seconds.[0m
notifying browser that file changed:  out/clojurex_feedback/core.js
[0mCompiling "resources/public/js/compiled/clojurex_feedback_devcards.js" from ["src"]...[0m
[32mSuccessfully compiled "resources/public/js/compiled/clojurex_feedback_devcards.js" in 0.467 seconds.[0m
notifying browser that file changed:  out/clojurex_feedback/core.js
[0mCompiling "resources/public/js/compiled/clojurex_feedback_devcards.js" from ["src"]...[0m
[32mSuccessfully compiled "resources/public/js/compiled/clojurex_feedback_devcards.js" in 0.48 seconds.[0m
notifying browser that file changed:  out/clojurex_feedback/core.js
[0mCompiling "resources/public/js/compiled/clojurex_feedback_devcards.js" from ["src"]...[0m
[32mSuccessfully compiled "resources/public/js/compiled/clojurex_feedback_devcards.js" in 0.488 seconds.[0m
notifying browser that file changed:  out/clojurex_feedback/core.js
[0mCompiling "resources/public/js/compiled/clojurex_feedback_devcards.js" from ["src"]...[0m
[32mSuccessfully compiled "resources/public/js/compiled/clojurex_feedback_devcards.js" in 0.477 seconds.[0m
notifying browser that file changed:  out/clojurex_feedback/core.js
[0mCompiling "resources/public/js/compiled/clojurex_feedback_devcards.js" from ["src"]...[0m
[32mSuccessfully compiled "resources/public/js/compiled/clojurex_feedback_devcards.js" in 0.458 seconds.[0m
notifying browser that file changed:  out/clojurex_feedback/core.js
[0mCompiling "resources/public/js/compiled/clojurex_feedback_devcards.js" from ["src"]...[0m
[32mSuccessfully compiled "resources/public/js/compiled/clojurex_feedback_devcards.js" in 0.484 seconds.[0m
notifying browser that file changed:  out/clojurex_feedback/core.js
[0mCompiling "resources/public/js/compiled/clojurex_feedback_devcards.js" from ["src"]...[0m
[36m----  Compiler Warning on   src/clojurex_feedback/core.cljs   line:65  column:36  ----[0m

  [1mWrong number of args (1) passed to cljs.core/nth[0m

  [36m62[0m  [36m(defcard interactive-talk[0m
  [36m63[0m  [36m  (fn [state-atom owner]                    ;wrapper function that can accept a state atom[0m
  [36m64[0m  [36m    (dom/div nil[0m
  [33m65[0m  [1m             (dom/span nil (:title (nth @state-atom)))[0m
  [0m  [0m  [33m                                   ^--- Wrong number of args (1) passed to cljs.core/nth[0m
  [36m66[0m  [36m             (dom/br nil)[0m
  [36m67[0m  [36m             (dom/button #js {:onClick update-talk-number} "Next Slide")))[0m
  [36m68[0m  [36m    ; The initial state as a map which devcards creates an atom from[0m
  [36m69[0m  [36m  talks[0m
  [36m70[0m  [36m  #_{:inspect-data true}              ; shows the current value of data, ie. state-atom[0m

[36m----  Compiler Warning : Please see src/clojurex_feedback/core.cljs  ----[0m
[32mSuccessfully compiled "resources/public/js/compiled/clojurex_feedback_devcards.js" in 0.512 seconds.[0m
notifying browser that file changed:  out/clojurex_feedback/core.js
[0mCompiling "resources/public/js/compiled/clojurex_feedback_devcards.js" from ["src"]...[0m
[31mFailed to compile "resources/public/js/compiled/clojurex_feedback_devcards.js" in 0.275 seconds.[0m
[36m----  Could not Read  src/clojurex_feedback/core.cljs   line:62  column:55  ----[0m

  [1mUnmatched delimiter )[0m

  [36m60[0m  [36m(fn [state-atom owner]                    ;wrapper function that can accept a state atom[0m
  [36m61[0m  [36m  (dom/div nil[0m
  [33m62[0m  [1m           (dom/span nil (:title (nth @state-atom @)))[0m
  [0m  [0m  [33m                                                    ^--- Unmatched delimiter )[0m
  [36m63[0m  [36m           (dom/br nil)[0m
  [36m64[0m  [36m           (dom/button #js {:onClick update-talk-number} "Next Slide")))[0m
  [36m65[0m  [36m  ; The initial state as a map which devcards creates an atom from[0m

[36m----  Reader Error : Please see src/clojurex_feedback/core.cljs  ----[0m
[0mCompiling "resources/public/js/compiled/clojurex_feedback_devcards.js" from ["src"]...[0m
[32mSuccessfully compiled "resources/public/js/compiled/clojurex_feedback_devcards.js" in 0.445 seconds.[0m
notifying browser that file changed:  out/clojurex_feedback/core.js
[0mCompiling "resources/public/js/compiled/clojurex_feedback_devcards.js" from ["src"]...[0m
[32mSuccessfully compiled "resources/public/js/compiled/clojurex_feedback_devcards.js" in 0.443 seconds.[0m
notifying browser that file changed:  out/clojurex_feedback/core.js
[0mCompiling "resources/public/js/compiled/clojurex_feedback_devcards.js" from ["src"]...[0m
[32mSuccessfully compiled "resources/public/js/compiled/clojurex_feedback_devcards.js" in 0.458 seconds.[0m
notifying browser that file changed:  out/clojurex_feedback/core.js
[0mCompiling "resources/public/js/compiled/clojurex_feedback_devcards.js" from ["src"]...[0m
[32mSuccessfully compiled "resources/public/js/compiled/clojurex_feedback_devcards.js" in 0.469 seconds.[0m
notifying browser that file changed:  out/clojurex_feedback/core.js
[0mCompiling "resources/public/js/compiled/clojurex_feedback_devcards.js" from ["src"]...[0m
[32mSuccessfully compiled "resources/public/js/compiled/clojurex_feedback_devcards.js" in 0.45 seconds.[0m
notifying browser that file changed:  out/clojurex_feedback/core.js
[0mCompiling "resources/public/js/compiled/clojurex_feedback_devcards.js" from ["src"]...[0m
[32mSuccessfully compiled "resources/public/js/compiled/clojurex_feedback_devcards.js" in 0.448 seconds.[0m
notifying browser that file changed:  out/clojurex_feedback/core.js
[0mCompiling "resources/public/js/compiled/clojurex_feedback_devcards.js" from ["src"]...[0m
[36m----  Compiler Warning on   src/clojurex_feedback/core.cljs   line:125  column:32  ----[0m

  [1mUse of undeclared Var clojurex-feedback.core/Root-computed[0m

  [36m121[0m  [36m                               (str "Session is clojure "[0m
  [36m122[0m  [36m                                    (if (= @session-number 0) "" ", unless its scala")))))))[0m
  [36m123[0m  [36m[0m
  [36m124[0m  [36m[0m
  [33m125[0m  [1m(def root-computed (om/factory Root-computed))[0m
  [0m   [0m  [33m                               ^--- Use of undeclared Var clojurex-feedback.core/Root-computed[0m
  [36m126[0m  [36m[0m
  [36m127[0m  [36m(defcard computer-says-no (root-computed))[0m
  [36m128[0m  [36m[0m
  [36m129[0m  [36m[0m
  [36m130[0m  [36m#_(defcard talk-slides[0m

[36m----  Compiler Warning : Please see src/clojurex_feedback/core.cljs  ----[0m
[32mSuccessfully compiled "resources/public/js/compiled/clojurex_feedback_devcards.js" in 0.443 seconds.[0m
notifying browser that file changed:  out/clojurex_feedback/core.js
[0mCompiling "resources/public/js/compiled/clojurex_feedback_devcards.js" from ["src"]...[0m
[32mSuccessfully compiled "resources/public/js/compiled/clojurex_feedback_devcards.js" in 0.412 seconds.[0m
notifying browser that file changed:  out/clojurex_feedback/core.js
[0mCompiling "resources/public/js/compiled/clojurex_feedback_devcards.js" from ["src"]...[0m
[32mSuccessfully compiled "resources/public/js/compiled/clojurex_feedback_devcards.js" in 0.412 seconds.[0m
notifying browser that file changed:  resources/public/js/compiled/devcards_out/cljs_deps.js
notifying browser that file changed:  out/clojurex_feedback/core.js
[0mCompiling "resources/public/js/compiled/clojurex_feedback_devcards.js" from ["src"]...[0m
[32mSuccessfully compiled "resources/public/js/compiled/clojurex_feedback_devcards.js" in 0.41 seconds.[0m
notifying browser that file changed:  resources/public/js/compiled/devcards_out/cljs_deps.js
notifying browser that file changed:  out/clojurex_feedback/core.js
[0mCompiling "resources/public/js/compiled/clojurex_feedback_devcards.js" from ["src"]...[0m
[32mSuccessfully compiled "resources/public/js/compiled/clojurex_feedback_devcards.js" in 0.406 seconds.[0m
notifying browser that file changed:  out/clojurex_feedback/core.js
[0mCompiling "resources/public/js/compiled/clojurex_feedback_devcards.js" from ["src"]...[0m
[32mSuccessfully compiled "resources/public/js/compiled/clojurex_feedback_devcards.js" in 0.416 seconds.[0m
notifying browser that file changed:  out/clojurex_feedback/core.js
[0mCompiling "resources/public/js/compiled/clojurex_feedback_devcards.js" from ["src"]...[0m
[32mSuccessfully compiled "resources/public/js/compiled/clojurex_feedback_devcards.js" in 0.418 seconds.[0m
notifying browser that file changed:  out/clojurex_feedback/core.js
[0mCompiling "resources/public/js/compiled/clojurex_feedback_devcards.js" from ["src"]...[0m
[32mSuccessfully compiled "resources/public/js/compiled/clojurex_feedback_devcards.js" in 0.341 seconds.[0m
notifying browser that file changed:  out/clojurex_feedback/core.js
[0mCompiling "resources/public/js/compiled/clojurex_feedback_devcards.js" from ["src"]...[0m
[32mSuccessfully compiled "resources/public/js/compiled/clojurex_feedback_devcards.js" in 0.334 seconds.[0m
notifying browser that file changed:  out/clojurex_feedback/core.js
[0mCompiling "resources/public/js/compiled/clojurex_feedback_devcards.js" from ["src"]...[0m
[32mSuccessfully compiled "resources/public/js/compiled/clojurex_feedback_devcards.js" in 0.339 seconds.[0m
notifying browser that file changed:  resources/public/js/compiled/devcards_out/cljs_deps.js
notifying browser that file changed:  out/clojurex_feedback/core.js
[0mCompiling "resources/public/js/compiled/clojurex_feedback_devcards.js" from ["src"]...[0m
[32mSuccessfully compiled "resources/public/js/compiled/clojurex_feedback_devcards.js" in 0.334 seconds.[0m
notifying browser that file changed:  resources/public/js/compiled/devcards_out/cljs_deps.js
notifying browser that file changed:  out/clojurex_feedback/core.js
[0mCompiling "resources/public/js/compiled/clojurex_feedback_devcards.js" from ["src"]...[0m
[32mSuccessfully compiled "resources/public/js/compiled/clojurex_feedback_devcards.js" in 0.334 seconds.[0m
notifying browser that file changed:  resources/public/js/compiled/devcards_out/cljs_deps.js
notifying browser that file changed:  out/clojurex_feedback/core.js
[0mCompiling "resources/public/js/compiled/clojurex_feedback_devcards.js" from ["src"]...[0m
[32mSuccessfully compiled "resources/public/js/compiled/clojurex_feedback_devcards.js" in 0.352 seconds.[0m
notifying browser that file changed:  resources/public/js/compiled/devcards_out/cljs_deps.js
notifying browser that file changed:  out/clojurex_feedback/core.js
[0mCompiling "resources/public/js/compiled/clojurex_feedback_devcards.js" from ["src"]...[0m
[36m----  Compiler Warning on   src/clojurex_feedback/core.cljs   line:52  column:8  ----[0m

  [1mUse of undeclared Var clojurex-feedback.core/update-live-talk[0m

  [36m48[0m  [36m(defn update-talk-number [][0m
  [36m49[0m  [36m  (if (= @session-number (- (count talks) 1))[0m
  [36m50[0m  [36m    (do[0m
  [36m51[0m  [36m      (reset! session-number 0)[0m
  [33m52[0m  [1m      (update-live-talk))[0m
  [0m  [0m  [33m       ^--- Use of undeclared Var clojurex-feedback.core/update-live-talk[0m
  [36m53[0m  [36m    (do[0m
  [36m54[0m  [36m      (swap! session-number inc)[0m
  [36m55[0m  [36m      (update-live-talk))))[0m
  [36m56[0m  [36m[0m
  [36m57[0m  [36m(defcard interactive-talk[0m

[36m----  Compiler Warning : Please see src/clojurex_feedback/core.cljs  ----[0m
[36m----  Compiler Warning on   src/clojurex_feedback/core.cljs   line:55  column:8  ----[0m

  [1mUse of undeclared Var clojurex-feedback.core/update-live-talk[0m

  [36m51[0m  [36m      (reset! session-number 0)[0m
  [36m52[0m  [36m      (update-live-talk))[0m
  [36m53[0m  [36m    (do[0m
  [36m54[0m  [36m      (swap! session-number inc)[0m
  [33m55[0m  [1m      (update-live-talk))))[0m
  [0m  [0m  [33m       ^--- Use of undeclared Var clojurex-feedback.core/update-live-talk[0m
  [36m56[0m  [36m[0m
  [36m57[0m  [36m(defcard interactive-talk[0m
  [36m58[0m  [36m  (fn [state-atom owner]                    ;wrapper function that can accept a state atom[0m
  [36m59[0m  [36m    (dom/div nil[0m
  [36m60[0m  [36m             (dom/span nil (:title @state-atom))[0m

[36m----  Compiler Warning : Please see src/clojurex_feedback/core.cljs  ----[0m
[32mSuccessfully compiled "resources/public/js/compiled/clojurex_feedback_devcards.js" in 0.385 seconds.[0m
notifying browser that file changed:  out/clojurex_feedback/core.js
[0mCompiling "resources/public/js/compiled/clojurex_feedback_devcards.js" from ["src"]...[0m
[32mSuccessfully compiled "resources/public/js/compiled/clojurex_feedback_devcards.js" in 0.352 seconds.[0m
notifying browser that file changed:  out/clojurex_feedback/core.js
[0mCompiling "resources/public/js/compiled/clojurex_feedback_devcards.js" from ["src"]...[0m
[32mSuccessfully compiled "resources/public/js/compiled/clojurex_feedback_devcards.js" in 0.352 seconds.[0m
notifying browser that file changed:  out/clojurex_feedback/core.js
